[ 2020-08-03T09:13:30+08:00 ] 127.0.0.1 /index.php/home/case/index
INFO: [ app_init ] --START--
INFO: Run Behavior\BuildLiteBehavior [ RunTime:0.000012s ]
INFO: [ app_init ] --END-- [ RunTime:0.000529s ]
INFO: [ app_begin ] --START--
INFO: Run Behavior\ReadHtmlCacheBehavior [ RunTime:0.000505s ]
INFO: [ app_begin ] --END-- [ RunTime:0.000559s ]
SQL: SHOW COLUMNS FROM `sj_case_cate` [ RunTime:0.0425s ]
SQL: SELECT `id`,`title` FROM `sj_case_cate` WHERE ( status=1 ) ORDER BY orderby ASC  [ RunTime:0.0003s ]
SQL: SHOW COLUMNS FROM `sj_case_content` [ RunTime:0.0297s ]
SQL: SELECT `id`,`title`,`content`,`img_url` FROM `sj_case_content` WHERE ( cate_id=5 AND status=1 ) ORDER BY orderby ASC  [ RunTime:0.0003s ]
SQL: SELECT `id`,`title`,`content`,`img_url` FROM `sj_case_content` WHERE ( cate_id=6 AND status=1 ) ORDER BY orderby ASC  [ RunTime:0.0002s ]
SQL: SELECT `id`,`title`,`content`,`img_url` FROM `sj_case_content` WHERE ( cate_id=7 AND status=1 ) ORDER BY orderby ASC  [ RunTime:0.0002s ]
INFO: [ view_parse ] --START--
INFO: [ template_filter ] --START--
INFO: Run Behavior\ContentReplaceBehavior [ RunTime:0.000044s ]
INFO: [ template_filter ] --END-- [ RunTime:0.000133s ]
INFO: Run Behavior\ParseTemplateBehavior [ RunTime:0.020642s ]
INFO: [ view_parse ] --END-- [ RunTime:0.020748s ]
INFO: [ view_filter ] --START--
INFO: Run Behavior\WriteHtmlCacheBehavior [ RunTime:0.000644s ]
INFO: [ view_filter ] --END-- [ RunTime:0.000705s ]
INFO: [ app_end ] --START--
INFO: Run Behavior\ShowPageTraceBehavior [ RunTime:0.000893s ]
INFO: [ app_end ] --END-- [ RunTime:0.000950s ]

[ 2020-08-03T09:52:31+08:00 ] 127.0.0.1 /index.php/home/case/index
INFO: [ app_init ] --START--
INFO: Run Behavior\BuildLiteBehavior [ RunTime:0.000023s ]
INFO: [ app_init ] --END-- [ RunTime:0.001594s ]
INFO: [ app_begin ] --START--
INFO: Run Behavior\ReadHtmlCacheBehavior [ RunTime:0.000850s ]
INFO: [ app_begin ] --END-- [ RunTime:0.000905s ]
SQL: SHOW COLUMNS FROM `sj_case_cate` [ RunTime:0.0009s ]
SQL: SELECT `id`,`title` FROM `sj_case_cate` WHERE ( status=1 ) ORDER BY orderby ASC  [ RunTime:0.0002s ]
SQL: SHOW COLUMNS FROM `sj_case_content` [ RunTime:0.0010s ]
SQL: SELECT `id`,`title`,`content`,`img_url` FROM `sj_case_content` WHERE ( cate_id=5 AND status=1 ) ORDER BY orderby ASC  [ RunTime:0.0002s ]
SQL: SELECT `id`,`title`,`content`,`img_url` FROM `sj_case_content` WHERE ( cate_id=6 AND status=1 ) ORDER BY orderby ASC  [ RunTime:0.0001s ]
SQL: SELECT `id`,`title`,`content`,`img_url` FROM `sj_case_content` WHERE ( cate_id=7 AND status=1 ) ORDER BY orderby ASC  [ RunTime:0.0001s ]
INFO: [ view_parse ] --START--
INFO: [ template_filter ] --START--
INFO: Run Behavior\ContentReplaceBehavior [ RunTime:0.000025s ]
INFO: [ template_filter ] --END-- [ RunTime:0.000060s ]
INFO: Run Behavior\ParseTemplateBehavior [ RunTime:0.007505s ]
INFO: [ view_parse ] --END-- [ RunTime:0.007551s ]
INFO: [ view_filter ] --START--
INFO: Run Behavior\WriteHtmlCacheBehavior [ RunTime:0.000445s ]
INFO: [ view_filter ] --END-- [ RunTime:0.000469s ]
INFO: [ app_end ] --START--
INFO: Run Behavior\ShowPageTraceBehavior [ RunTime:0.000850s ]
INFO: [ app_end ] --END-- [ RunTime:0.000882s ]

[ 2020-08-03T09:52:37+08:00 ] 127.0.0.1 /index.php/home/case/index
INFO: [ app_init ] --START--
INFO: Run Behavior\BuildLiteBehavior [ RunTime:0.000021s ]
INFO: [ app_init ] --END-- [ RunTime:0.001045s ]
INFO: [ app_begin ] --START--
INFO: Run Behavior\ReadHtmlCacheBehavior [ RunTime:0.000852s ]
INFO: [ app_begin ] --END-- [ RunTime:0.000937s ]
SQL: SHOW COLUMNS FROM `sj_case_cate` [ RunTime:0.0015s ]
SQL: SELECT `id`,`title` FROM `sj_case_cate` WHERE ( status=1 ) ORDER BY orderby ASC  [ RunTime:0.0003s ]
SQL: SHOW COLUMNS FROM `sj_case_content` [ RunTime:0.0015s ]
SQL: SELECT `id`,`title`,`content`,`img_url` FROM `sj_case_content` WHERE ( cate_id=5 AND status=1 ) ORDER BY orderby ASC  [ RunTime:0.0004s ]
SQL: SELECT `id`,`title`,`content`,`img_url` FROM `sj_case_content` WHERE ( cate_id=6 AND status=1 ) ORDER BY orderby ASC  [ RunTime:0.0003s ]
SQL: SELECT `id`,`title`,`content`,`img_url` FROM `sj_case_content` WHERE ( cate_id=7 AND status=1 ) ORDER BY orderby ASC  [ RunTime:0.0003s ]
INFO: [ view_parse ] --START--
INFO: [ template_filter ] --START--
INFO: Run Behavior\ContentReplaceBehavior [ RunTime:0.000044s ]
INFO: [ template_filter ] --END-- [ RunTime:0.000133s ]
INFO: Run Behavior\ParseTemplateBehavior [ RunTime:0.017633s ]
INFO: [ view_parse ] --END-- [ RunTime:0.017735s ]
INFO: [ view_filter ] --START--
INFO: Run Behavior\WriteHtmlCacheBehavior [ RunTime:0.000939s ]
INFO: [ view_filter ] --END-- [ RunTime:0.001000s ]
INFO: [ app_end ] --START--
INFO: Run Behavior\ShowPageTraceBehavior [ RunTime:0.001137s ]
INFO: [ app_end ] --END-- [ RunTime:0.001181s ]

